<?xml version="1.0" encoding="UTF-8"?>
<!-- Generated by org.testng.reporters.JUnitXMLReporter -->
<testsuite ignored="0" hostname="Kanwar07" failures="0" tests="4" name="Default test" time="282.52" errors="0" timestamp="2023-06-08T17:22:02 IST">
  <testcase classname="ObjectClasses.Test_01" name="loginPageTest" time="37.927"/>
  <testcase classname="ObjectClasses.Test_01" name="homepageTest" time="107.466"/>
  <testcase classname="ObjectClasses.Test_01" name="productdetailpageTest" time="67.185"/>
  <testcase classname="ObjectClasses.Test_01" name="addtocartTest" time="38.41"/>
</testsuite> <!-- Default test -->
