<?xml version="1.0" encoding="UTF-8"?>
<testng-results ignored="0" total="4" passed="4" failed="0" skipped="0">
  <reporter-output>
  </reporter-output>
  <suite started-at="2023-06-08T17:17:19 IST" name="Default suite" finished-at="2023-06-08T17:22:02 IST" duration-ms="282520">
    <groups>
    </groups>
    <test started-at="2023-06-08T17:17:19 IST" name="Default test" finished-at="2023-06-08T17:22:02 IST" duration-ms="282520">
      <class name="ObjectClasses.Test_01">
        <test-method is-config="true" signature="setup()[pri:0, instance:ObjectClasses.Test_01@183ec003]" started-at="2023-06-08T17:17:19 IST" name="setup" finished-at="2023-06-08T17:17:50 IST" duration-ms="30122" status="PASS">
          <reporter-output>
          </reporter-output>
        </test-method> <!-- setup -->
        <test-method signature="loginPageTest()[pri:0, instance:ObjectClasses.Test_01@183ec003]" started-at="2023-06-08T17:17:50 IST" name="loginPageTest" finished-at="2023-06-08T17:18:28 IST" duration-ms="37927" status="PASS">
          <reporter-output>
          </reporter-output>
        </test-method> <!-- loginPageTest -->
        <test-method signature="homepageTest()[pri:1, instance:ObjectClasses.Test_01@183ec003]" started-at="2023-06-08T17:18:28 IST" name="homepageTest" finished-at="2023-06-08T17:20:15 IST" depends-on-methods="ObjectClasses.Test_01.loginPageTest" duration-ms="107466" status="PASS">
          <reporter-output>
          </reporter-output>
        </test-method> <!-- homepageTest -->
        <test-method signature="productdetailpageTest()[pri:2, instance:ObjectClasses.Test_01@183ec003]" started-at="2023-06-08T17:20:15 IST" name="productdetailpageTest" finished-at="2023-06-08T17:21:22 IST" depends-on-methods="ObjectClasses.Test_01.homepageTest" duration-ms="67185" status="PASS">
          <reporter-output>
          </reporter-output>
        </test-method> <!-- productdetailpageTest -->
        <test-method signature="addtocartTest()[pri:3, instance:ObjectClasses.Test_01@183ec003]" started-at="2023-06-08T17:21:22 IST" name="addtocartTest" finished-at="2023-06-08T17:22:01 IST" depends-on-methods="ObjectClasses.Test_01.productdetailpageTest" duration-ms="38410" status="PASS">
          <reporter-output>
          </reporter-output>
        </test-method> <!-- addtocartTest -->
        <test-method is-config="true" signature="At()[pri:0, instance:ObjectClasses.Test_01@183ec003]" started-at="2023-06-08T17:22:01 IST" name="At" finished-at="2023-06-08T17:22:02 IST" duration-ms="1022" status="PASS">
          <reporter-output>
          </reporter-output>
        </test-method> <!-- At -->
      </class> <!-- ObjectClasses.Test_01 -->
    </test> <!-- Default test -->
  </suite> <!-- Default suite -->
</testng-results>
